<?xml version="1.0" encoding="UTF-8"?>
<testng-results ignored="0" total="1" passed="1" failed="0" skipped="0">
  <reporter-output>
  </reporter-output>
  <suite started-at="2019-07-19T13:48:06 EEST" name="DataDrivenBase" finished-at="2019-07-19T13:48:11 EEST" duration-ms="4752">
    <groups>
    </groups>
    <test started-at="2019-07-19T13:48:06 EEST" name="LoginTest" finished-at="2019-07-19T13:48:11 EEST" duration-ms="4752">
      <class name="com.w2a.testcases.LoginTest">
        <test-method is-config="true" signature="SetUp()[pri:0, instance:com.w2a.testcases.LoginTest@223191a6]" started-at="2019-07-19T13:47:54 EEST" name="SetUp" finished-at="2019-07-19T13:48:06 EEST" duration-ms="12116" status="PASS">
          <reporter-output>
          </reporter-output>
        </test-method> <!-- SetUp -->
        <test-method signature="loginAsBackManager()[pri:0, instance:com.w2a.testcases.LoginTest@223191a6]" started-at="2019-07-19T13:48:06 EEST" name="loginAsBackManager" finished-at="2019-07-19T13:48:11 EEST" duration-ms="4693" status="PASS">
          <reporter-output>
          </reporter-output>
        </test-method> <!-- loginAsBackManager -->
        <test-method is-config="true" signature="TearDown()[pri:0, instance:com.w2a.testcases.LoginTest@223191a6]" started-at="2019-07-19T13:48:11 EEST" name="TearDown" finished-at="2019-07-19T13:48:16 EEST" duration-ms="4717" status="PASS">
          <reporter-output>
          </reporter-output>
        </test-method> <!-- TearDown -->
      </class> <!-- com.w2a.testcases.LoginTest -->
    </test> <!-- LoginTest -->
  </suite> <!-- DataDrivenBase -->
</testng-results>
